<?xml version="1.0" encoding="UTF-8"?>
<testng-results total="0" passed="0" failed="0" skipped="0">
  <reporter-output>
  </reporter-output>
  <suite started-at="2021-01-12T22:31:29Z" name="Simple User Suite" finished-at="2021-01-12T22:32:11Z" duration-ms="42035">
    <groups>
    </groups>
    <test started-at="2021-01-12T22:31:29Z" name="Authentication Test" finished-at="2021-01-12T22:32:11Z" duration-ms="42035">
    </test> <!-- Authentication Test -->
  </suite> <!-- Simple User Suite -->
</testng-results>
