<?xml version="1.0" encoding="UTF-8"?>
<testng-results total="0" passed="0" failed="0" skipped="0">
  <reporter-output>
  </reporter-output>
  <suite started-at="2021-01-13T00:02:37Z" name="Simple User Suite" finished-at="2021-01-13T00:03:02Z" duration-ms="25494">
    <groups>
    </groups>
    <test started-at="2021-01-13T00:02:37Z" name="Authentication Test" finished-at="2021-01-13T00:03:02Z" duration-ms="25494">
    </test> <!-- Authentication Test -->
  </suite> <!-- Simple User Suite -->
</testng-results>
